[2022-01-30 23:21:52,441] {manager.py:514} INFO - Processing files using up to 2 processes at a time 
[2022-01-30 23:21:52,441] {manager.py:515} INFO - Process each file at most once every 30 seconds
[2022-01-30 23:21:52,441] {manager.py:517} INFO - Checking for new files in /opt/airflow/dags every 300 seconds
[2022-01-30 23:21:52,441] {manager.py:663} INFO - Searching for files in /opt/airflow/dags
[2022-01-30 23:21:52,442] {manager.py:666} INFO - There are 0 files in /opt/airflow/dags
[2022-01-30 23:21:52,602] {manager.py:1065} INFO - Finding 'running' jobs without a recent heartbeat
[2022-01-30 23:21:52,602] {manager.py:1069} INFO - Failing jobs without heartbeat after 2022-01-30 23:16:52.602789+00:00
[2022-01-30 23:22:02,796] {manager.py:1065} INFO - Finding 'running' jobs without a recent heartbeat
[2022-01-30 23:22:02,797] {manager.py:1069} INFO - Failing jobs without heartbeat after 2022-01-30 23:17:02.797031+00:00
[2022-01-30 23:22:12,879] {manager.py:1065} INFO - Finding 'running' jobs without a recent heartbeat
[2022-01-30 23:22:12,879] {manager.py:1069} INFO - Failing jobs without heartbeat after 2022-01-30 23:17:12.879511+00:00
[2022-01-30 23:22:22,932] {manager.py:1065} INFO - Finding 'running' jobs without a recent heartbeat
[2022-01-30 23:22:22,932] {manager.py:1069} INFO - Failing jobs without heartbeat after 2022-01-30 23:17:22.932942+00:00
[2022-01-30 23:22:33,018] {manager.py:1065} INFO - Finding 'running' jobs without a recent heartbeat
[2022-01-30 23:22:33,018] {manager.py:1069} INFO - Failing jobs without heartbeat after 2022-01-30 23:17:33.018944+00:00
[2022-01-30 23:22:43,072] {manager.py:1065} INFO - Finding 'running' jobs without a recent heartbeat
[2022-01-30 23:22:43,072] {manager.py:1069} INFO - Failing jobs without heartbeat after 2022-01-30 23:17:43.072905+00:00
[2022-01-30 23:22:53,108] {manager.py:1065} INFO - Finding 'running' jobs without a recent heartbeat
[2022-01-30 23:22:53,109] {manager.py:1069} INFO - Failing jobs without heartbeat after 2022-01-30 23:17:53.109003+00:00
[2022-01-30 23:23:03,145] {manager.py:1065} INFO - Finding 'running' jobs without a recent heartbeat
[2022-01-30 23:23:03,145] {manager.py:1069} INFO - Failing jobs without heartbeat after 2022-01-30 23:18:03.145616+00:00
[2022-01-30 23:23:13,229] {manager.py:1065} INFO - Finding 'running' jobs without a recent heartbeat
[2022-01-30 23:23:13,229] {manager.py:1069} INFO - Failing jobs without heartbeat after 2022-01-30 23:18:13.229766+00:00
[2022-01-30 23:23:23,363] {manager.py:1065} INFO - Finding 'running' jobs without a recent heartbeat
[2022-01-30 23:23:23,363] {manager.py:1069} INFO - Failing jobs without heartbeat after 2022-01-30 23:18:23.363479+00:00
[2022-01-30 23:23:33,435] {manager.py:1065} INFO - Finding 'running' jobs without a recent heartbeat
[2022-01-30 23:23:33,435] {manager.py:1069} INFO - Failing jobs without heartbeat after 2022-01-30 23:18:33.435617+00:00
[2022-01-30 23:23:43,643] {manager.py:1065} INFO - Finding 'running' jobs without a recent heartbeat
[2022-01-30 23:23:43,643] {manager.py:1069} INFO - Failing jobs without heartbeat after 2022-01-30 23:18:43.643672+00:00
[2022-01-30 23:23:53,679] {manager.py:1065} INFO - Finding 'running' jobs without a recent heartbeat
[2022-01-30 23:23:53,679] {manager.py:1069} INFO - Failing jobs without heartbeat after 2022-01-30 23:18:53.679546+00:00
[2022-01-30 23:24:03,222] {manager.py:495} INFO - Exiting gracefully upon receiving signal 15
[2022-03-24 22:50:07,410] {manager.py:514} INFO - Processing files using up to 2 processes at a time 
[2022-03-24 22:50:07,522] {manager.py:515} INFO - Process each file at most once every 30 seconds
[2022-03-24 22:50:07,522] {manager.py:517} INFO - Checking for new files in /opt/airflow/dags every 300 seconds
[2022-03-24 22:50:07,522] {manager.py:663} INFO - Searching for files in /opt/airflow/dags
[2022-03-24 22:50:07,523] {manager.py:666} INFO - There are 1 files in /opt/airflow/dags
[2022-03-24 22:50:10,242] {manager.py:1065} INFO - Finding 'running' jobs without a recent heartbeat
[2022-03-24 22:50:10,243] {manager.py:1069} INFO - Failing jobs without heartbeat after 2022-03-24 22:45:10.243135+00:00
[2022-03-24 22:50:12,420] {manager.py:784} INFO - 
================================================================================
DAG File Processing Stats

File Path                                      PID  Runtime      # DAGs    # Errors  Last Runtime    Last Run
-------------------------------------------  -----  ---------  --------  ----------  --------------  ----------
/opt/airflow/dags/data_ingestion_gcs_dag.py    215  2.40s             0           0
================================================================================
[2022-03-24 22:50:22,653] {manager.py:1065} INFO - Finding 'running' jobs without a recent heartbeat
[2022-03-24 22:50:22,653] {manager.py:1069} INFO - Failing jobs without heartbeat after 2022-03-24 22:45:22.653611+00:00
[2022-03-24 22:50:32,958] {manager.py:1065} INFO - Finding 'running' jobs without a recent heartbeat
[2022-03-24 22:50:32,959] {manager.py:1069} INFO - Failing jobs without heartbeat after 2022-03-24 22:45:32.959053+00:00
[2022-03-24 22:50:42,421] {manager.py:784} INFO - 
================================================================================
DAG File Processing Stats

File Path                                      PID  Runtime      # DAGs    # Errors  Last Runtime    Last Run
-------------------------------------------  -----  ---------  --------  ----------  --------------  ----------
/opt/airflow/dags/data_ingestion_gcs_dag.py    215  32.58s            0           0
================================================================================
[2022-03-24 22:50:43,430] {manager.py:1065} INFO - Finding 'running' jobs without a recent heartbeat
[2022-03-24 22:50:43,430] {manager.py:1069} INFO - Failing jobs without heartbeat after 2022-03-24 22:45:43.430385+00:00
[2022-03-24 22:50:53,836] {manager.py:1065} INFO - Finding 'running' jobs without a recent heartbeat
[2022-03-24 22:50:53,836] {manager.py:1069} INFO - Failing jobs without heartbeat after 2022-03-24 22:45:53.836311+00:00
[2022-03-24 22:51:04,356] {manager.py:1065} INFO - Finding 'running' jobs without a recent heartbeat
[2022-03-24 22:51:04,356] {manager.py:1069} INFO - Failing jobs without heartbeat after 2022-03-24 22:46:04.356800+00:00
[2022-03-24 22:51:12,941] {manager.py:784} INFO - 
================================================================================
DAG File Processing Stats

File Path                                      PID  Runtime      # DAGs    # Errors  Last Runtime    Last Run
-------------------------------------------  -----  ---------  --------  ----------  --------------  -------------------
/opt/airflow/dags/data_ingestion_gcs_dag.py    243  0.00s             0           1  32.76s          2022-03-24T22:50:42
================================================================================
[2022-03-24 22:51:14,979] {manager.py:1065} INFO - Finding 'running' jobs without a recent heartbeat
[2022-03-24 22:51:14,979] {manager.py:1069} INFO - Failing jobs without heartbeat after 2022-03-24 22:46:14.979946+00:00
[2022-03-24 22:51:26,018] {manager.py:1065} INFO - Finding 'running' jobs without a recent heartbeat
[2022-03-24 22:51:26,018] {manager.py:1069} INFO - Failing jobs without heartbeat after 2022-03-24 22:46:26.018320+00:00
[2022-03-24 22:51:36,480] {manager.py:1065} INFO - Finding 'running' jobs without a recent heartbeat
[2022-03-24 22:51:36,480] {manager.py:1069} INFO - Failing jobs without heartbeat after 2022-03-24 22:46:36.480712+00:00
[2022-03-24 22:51:43,072] {manager.py:784} INFO - 
================================================================================
DAG File Processing Stats

File Path                                      PID  Runtime      # DAGs    # Errors  Last Runtime    Last Run
-------------------------------------------  -----  ---------  --------  ----------  --------------  -------------------
/opt/airflow/dags/data_ingestion_gcs_dag.py    243  30.45s            0           1  32.76s          2022-03-24T22:50:42
================================================================================
[2022-03-24 22:51:47,135] {manager.py:1065} INFO - Finding 'running' jobs without a recent heartbeat
[2022-03-24 22:51:47,135] {manager.py:1069} INFO - Failing jobs without heartbeat after 2022-03-24 22:46:47.135767+00:00
[2022-03-24 22:51:57,810] {manager.py:1065} INFO - Finding 'running' jobs without a recent heartbeat
[2022-03-24 22:51:57,810] {manager.py:1069} INFO - Failing jobs without heartbeat after 2022-03-24 22:46:57.810915+00:00
[2022-03-24 22:52:03,210] {manager.py:1106} ERROR - Processor for /opt/airflow/dags/data_ingestion_gcs_dag.py with PID 243 started at 2022-03-24T22:51:12.625901+00:00 has timed out, killing it.
[2022-03-24 22:52:03,211] {manager.py:1106} ERROR - Processor for /opt/airflow/dags/data_ingestion_gcs_dag.py with PID 243 started at 2022-03-24T22:51:12.625901+00:00 has timed out, killing it.
[2022-03-24 22:52:07,740] {manager.py:514} INFO - Processing files using up to 2 processes at a time 
[2022-03-24 22:52:07,740] {manager.py:515} INFO - Process each file at most once every 30 seconds
[2022-03-24 22:52:07,740] {manager.py:517} INFO - Checking for new files in /opt/airflow/dags every 300 seconds
[2022-03-24 22:52:07,740] {manager.py:663} INFO - Searching for files in /opt/airflow/dags
[2022-03-24 22:52:07,741] {manager.py:666} INFO - There are 1 files in /opt/airflow/dags
[2022-03-24 22:52:10,093] {manager.py:1065} INFO - Finding 'running' jobs without a recent heartbeat
[2022-03-24 22:52:10,318] {manager.py:1069} INFO - Failing jobs without heartbeat after 2022-03-24 22:47:10.318685+00:00
[2022-03-24 22:52:12,119] {manager.py:784} INFO - 
================================================================================
DAG File Processing Stats

File Path                                      PID  Runtime      # DAGs    # Errors  Last Runtime    Last Run
-------------------------------------------  -----  ---------  --------  ----------  --------------  ----------
/opt/airflow/dags/data_ingestion_gcs_dag.py    273  2.44s             0           0
================================================================================
[2022-03-24 22:52:22,254] {manager.py:1065} INFO - Finding 'running' jobs without a recent heartbeat
[2022-03-24 22:52:22,254] {manager.py:1069} INFO - Failing jobs without heartbeat after 2022-03-24 22:47:22.254218+00:00
[2022-03-24 22:52:32,769] {manager.py:1065} INFO - Finding 'running' jobs without a recent heartbeat
[2022-03-24 22:52:32,769] {manager.py:1069} INFO - Failing jobs without heartbeat after 2022-03-24 22:47:32.769906+00:00
[2022-03-24 22:52:34,390] {manager.py:495} INFO - Exiting gracefully upon receiving signal 15
[2022-03-24 22:52:34,822] {manager.py:495} INFO - Exiting gracefully upon receiving signal 15
[2022-03-24 22:57:45,617] {manager.py:514} INFO - Processing files using up to 2 processes at a time 
[2022-03-24 22:57:45,660] {manager.py:515} INFO - Process each file at most once every 30 seconds
[2022-03-24 22:57:45,660] {manager.py:517} INFO - Checking for new files in /opt/airflow/dags every 300 seconds
[2022-03-24 22:57:45,660] {manager.py:663} INFO - Searching for files in /opt/airflow/dags
[2022-03-24 22:57:45,761] {manager.py:666} INFO - There are 1 files in /opt/airflow/dags
[2022-03-24 22:57:46,039] {manager.py:1065} INFO - Finding 'running' jobs without a recent heartbeat
[2022-03-24 22:57:46,039] {manager.py:1069} INFO - Failing jobs without heartbeat after 2022-03-24 22:52:46.039526+00:00
[2022-03-24 22:57:46,132] {manager.py:784} INFO - 
================================================================================
DAG File Processing Stats

File Path                                      PID  Runtime      # DAGs    # Errors  Last Runtime    Last Run
-------------------------------------------  -----  ---------  --------  ----------  --------------  ----------
/opt/airflow/dags/data_ingestion_gcs_dag.py     46  0.09s             0           0
================================================================================
[2022-03-24 22:57:56,163] {manager.py:1065} INFO - Finding 'running' jobs without a recent heartbeat
[2022-03-24 22:57:56,163] {manager.py:1069} INFO - Failing jobs without heartbeat after 2022-03-24 22:52:56.163202+00:00
[2022-03-24 22:58:06,198] {manager.py:1065} INFO - Finding 'running' jobs without a recent heartbeat
[2022-03-24 22:58:06,198] {manager.py:1069} INFO - Failing jobs without heartbeat after 2022-03-24 22:53:06.198146+00:00
[2022-03-24 22:58:16,234] {manager.py:1065} INFO - Finding 'running' jobs without a recent heartbeat
[2022-03-24 22:58:16,235] {manager.py:1069} INFO - Failing jobs without heartbeat after 2022-03-24 22:53:16.235110+00:00
[2022-03-24 22:58:16,243] {manager.py:784} INFO - 
================================================================================
DAG File Processing Stats

File Path                                      PID  Runtime      # DAGs    # Errors  Last Runtime    Last Run
-------------------------------------------  -----  ---------  --------  ----------  --------------  ----------
/opt/airflow/dags/data_ingestion_gcs_dag.py     46  30.21s            0           0
================================================================================
[2022-03-24 22:58:26,262] {manager.py:1065} INFO - Finding 'running' jobs without a recent heartbeat
[2022-03-24 22:58:26,262] {manager.py:1069} INFO - Failing jobs without heartbeat after 2022-03-24 22:53:26.262372+00:00
[2022-03-24 22:58:36,289] {manager.py:1065} INFO - Finding 'running' jobs without a recent heartbeat
[2022-03-24 22:58:36,289] {manager.py:1069} INFO - Failing jobs without heartbeat after 2022-03-24 22:53:36.289926+00:00
[2022-03-24 22:58:46,338] {manager.py:1065} INFO - Finding 'running' jobs without a recent heartbeat
[2022-03-24 22:58:46,338] {manager.py:1069} INFO - Failing jobs without heartbeat after 2022-03-24 22:53:46.338465+00:00
[2022-03-24 22:58:46,344] {manager.py:784} INFO - 
================================================================================
DAG File Processing Stats

File Path                                    PID    Runtime      # DAGs    # Errors  Last Runtime    Last Run
-------------------------------------------  -----  ---------  --------  ----------  --------------  -------------------
/opt/airflow/dags/data_ingestion_gcs_dag.py                           1           0  32.01s          2022-03-24T22:58:18
================================================================================
[2022-03-24 22:58:56,398] {manager.py:1065} INFO - Finding 'running' jobs without a recent heartbeat
[2022-03-24 22:58:56,398] {manager.py:1069} INFO - Failing jobs without heartbeat after 2022-03-24 22:53:56.398927+00:00
[2022-03-24 22:59:06,439] {manager.py:1065} INFO - Finding 'running' jobs without a recent heartbeat
[2022-03-24 22:59:06,439] {manager.py:1069} INFO - Failing jobs without heartbeat after 2022-03-24 22:54:06.439735+00:00
[2022-03-24 22:59:16,463] {manager.py:1065} INFO - Finding 'running' jobs without a recent heartbeat
[2022-03-24 22:59:16,464] {manager.py:1069} INFO - Failing jobs without heartbeat after 2022-03-24 22:54:16.464043+00:00
[2022-03-24 22:59:16,470] {manager.py:784} INFO - 
================================================================================
DAG File Processing Stats

File Path                                    PID    Runtime      # DAGs    # Errors  Last Runtime    Last Run
-------------------------------------------  -----  ---------  --------  ----------  --------------  -------------------
/opt/airflow/dags/data_ingestion_gcs_dag.py                           1           0  0.65s           2022-03-24T22:58:48
================================================================================
[2022-03-24 23:00:29,794] {manager.py:514} INFO - Processing files using up to 2 processes at a time 
[2022-03-24 23:00:29,794] {manager.py:515} INFO - Process each file at most once every 30 seconds
[2022-03-24 23:00:29,794] {manager.py:517} INFO - Checking for new files in /opt/airflow/dags every 300 seconds
[2022-03-24 23:00:29,794] {manager.py:663} INFO - Searching for files in /opt/airflow/dags
[2022-03-24 23:00:29,795] {manager.py:666} INFO - There are 1 files in /opt/airflow/dags
[2022-03-24 23:00:29,853] {manager.py:1065} INFO - Finding 'running' jobs without a recent heartbeat
[2022-03-24 23:00:29,853] {manager.py:1069} INFO - Failing jobs without heartbeat after 2022-03-24 22:55:29.853485+00:00
[2022-03-24 23:00:29,910] {manager.py:784} INFO - 
================================================================================
DAG File Processing Stats

File Path                                      PID  Runtime      # DAGs    # Errors  Last Runtime    Last Run
-------------------------------------------  -----  ---------  --------  ----------  --------------  ----------
/opt/airflow/dags/data_ingestion_gcs_dag.py     40  0.06s             0           0
================================================================================
[2022-03-24 23:00:39,928] {manager.py:1065} INFO - Finding 'running' jobs without a recent heartbeat
[2022-03-24 23:00:39,928] {manager.py:1069} INFO - Failing jobs without heartbeat after 2022-03-24 22:55:39.928979+00:00
[2022-03-24 23:00:49,962] {manager.py:1065} INFO - Finding 'running' jobs without a recent heartbeat
[2022-03-24 23:00:49,962] {manager.py:1069} INFO - Failing jobs without heartbeat after 2022-03-24 22:55:49.962446+00:00
[2022-03-24 23:01:00,002] {manager.py:1065} INFO - Finding 'running' jobs without a recent heartbeat
[2022-03-24 23:01:00,002] {manager.py:1069} INFO - Failing jobs without heartbeat after 2022-03-24 22:56:00.002935+00:00
[2022-03-24 23:01:00,015] {manager.py:784} INFO - 
================================================================================
DAG File Processing Stats

File Path                                    PID    Runtime      # DAGs    # Errors  Last Runtime    Last Run
-------------------------------------------  -----  ---------  --------  ----------  --------------  -------------------
/opt/airflow/dags/data_ingestion_gcs_dag.py                           1           0  2.26s           2022-03-24T23:00:32
================================================================================
[2022-03-24 23:01:10,187] {manager.py:1065} INFO - Finding 'running' jobs without a recent heartbeat
[2022-03-24 23:01:10,187] {manager.py:1069} INFO - Failing jobs without heartbeat after 2022-03-24 22:56:10.187793+00:00
[2022-03-24 23:01:20,218] {manager.py:1065} INFO - Finding 'running' jobs without a recent heartbeat
[2022-03-24 23:01:20,218] {manager.py:1069} INFO - Failing jobs without heartbeat after 2022-03-24 22:56:20.218317+00:00
[2022-03-24 23:01:30,260] {manager.py:1065} INFO - Finding 'running' jobs without a recent heartbeat
[2022-03-24 23:01:30,261] {manager.py:1069} INFO - Failing jobs without heartbeat after 2022-03-24 22:56:30.261026+00:00
[2022-03-24 23:01:30,267] {manager.py:784} INFO - 
================================================================================
DAG File Processing Stats

File Path                                    PID    Runtime      # DAGs    # Errors  Last Runtime    Last Run
-------------------------------------------  -----  ---------  --------  ----------  --------------  -------------------
/opt/airflow/dags/data_ingestion_gcs_dag.py                           1           0  1.07s           2022-03-24T23:01:03
================================================================================
[2022-03-24 23:01:40,327] {manager.py:1065} INFO - Finding 'running' jobs without a recent heartbeat
[2022-03-24 23:01:40,327] {manager.py:1069} INFO - Failing jobs without heartbeat after 2022-03-24 22:56:40.327542+00:00
[2022-03-24 23:01:50,379] {manager.py:1065} INFO - Finding 'running' jobs without a recent heartbeat
[2022-03-24 23:01:50,379] {manager.py:1069} INFO - Failing jobs without heartbeat after 2022-03-24 22:56:50.379567+00:00
[2022-03-24 23:02:00,330] {manager.py:784} INFO - 
================================================================================
DAG File Processing Stats

File Path                                    PID    Runtime      # DAGs    # Errors  Last Runtime    Last Run
-------------------------------------------  -----  ---------  --------  ----------  --------------  -------------------
/opt/airflow/dags/data_ingestion_gcs_dag.py                           1           0  0.97s           2022-03-24T23:01:34
================================================================================
[2022-03-24 23:02:00,413] {manager.py:1065} INFO - Finding 'running' jobs without a recent heartbeat
[2022-03-24 23:02:00,414] {manager.py:1069} INFO - Failing jobs without heartbeat after 2022-03-24 22:57:00.414056+00:00
[2022-03-24 23:02:10,440] {manager.py:1065} INFO - Finding 'running' jobs without a recent heartbeat
[2022-03-24 23:02:10,440] {manager.py:1069} INFO - Failing jobs without heartbeat after 2022-03-24 22:57:10.440378+00:00
[2022-03-24 23:02:20,465] {manager.py:1065} INFO - Finding 'running' jobs without a recent heartbeat
[2022-03-24 23:02:20,465] {manager.py:1069} INFO - Failing jobs without heartbeat after 2022-03-24 22:57:20.465980+00:00
[2022-03-24 23:02:30,488] {manager.py:1065} INFO - Finding 'running' jobs without a recent heartbeat
[2022-03-24 23:02:30,489] {manager.py:1069} INFO - Failing jobs without heartbeat after 2022-03-24 22:57:30.489155+00:00
[2022-03-24 23:02:30,495] {manager.py:784} INFO - 
================================================================================
DAG File Processing Stats

File Path                                    PID    Runtime      # DAGs    # Errors  Last Runtime    Last Run
-------------------------------------------  -----  ---------  --------  ----------  --------------  -------------------
/opt/airflow/dags/data_ingestion_gcs_dag.py                           1           0  0.65s           2022-03-24T23:02:04
================================================================================
[2022-03-24 23:02:40,533] {manager.py:1065} INFO - Finding 'running' jobs without a recent heartbeat
[2022-03-24 23:02:40,533] {manager.py:1069} INFO - Failing jobs without heartbeat after 2022-03-24 22:57:40.533552+00:00
[2022-03-24 23:02:50,581] {manager.py:1065} INFO - Finding 'running' jobs without a recent heartbeat
[2022-03-24 23:02:50,581] {manager.py:1069} INFO - Failing jobs without heartbeat after 2022-03-24 22:57:50.581384+00:00
