[2022-03-24 22:50:10,541] {processor.py:163} INFO - Started process (PID=215) to work on /opt/airflow/dags/data_ingestion_gcs_dag.py
[2022-03-24 22:50:10,541] {processor.py:642} INFO - Processing file /opt/airflow/dags/data_ingestion_gcs_dag.py for tasks to queue
[2022-03-24 22:50:10,897] {logging_mixin.py:109} INFO - [2022-03-24 22:50:10,897] {dagbag.py:500} INFO - Filling up the DagBag from /opt/airflow/dags/data_ingestion_gcs_dag.py
[2022-03-24 22:50:40,935] {logging_mixin.py:109} INFO - [2022-03-24 22:50:40,935] {timeout.py:36} ERROR - Process timed out, PID: 215
[2022-03-24 22:50:41,040] {logging_mixin.py:109} INFO - [2022-03-24 22:50:40,936] {dagbag.py:334} ERROR - Failed to import: /opt/airflow/dags/data_ingestion_gcs_dag.py
Traceback (most recent call last):
  File "/home/airflow/.local/lib/python3.7/site-packages/airflow/models/dagbag.py", line 331, in _load_modules_from_file
    loader.exec_module(new_module)
  File "<frozen importlib._bootstrap_external>", line 728, in exec_module
  File "<frozen importlib._bootstrap>", line 219, in _call_with_frames_removed
  File "/opt/airflow/dags/data_ingestion_gcs_dag.py", line 10, in <module>
    from airflow.providers.google.cloud.operators.bigquery import BigQueryCreateExternalTableOperator
  File "/home/airflow/.local/lib/python3.7/site-packages/airflow/providers/google/cloud/operators/bigquery.py", line 38, in <module>
    from airflow.providers.google.cloud.hooks.bigquery import BigQueryHook, BigQueryJob
  File "/home/airflow/.local/lib/python3.7/site-packages/airflow/providers/google/cloud/hooks/bigquery.py", line 33, in <module>
    from google.cloud.bigquery import (
  File "/home/airflow/.local/lib/python3.7/site-packages/google/cloud/bigquery/__init__.py", line 35, in <module>
    from google.cloud.bigquery.client import Client
  File "/home/airflow/.local/lib/python3.7/site-packages/google/cloud/bigquery/client.py", line 61, in <module>
    from google.cloud.bigquery_storage_v1.services.big_query_read.client import (
  File "/home/airflow/.local/lib/python3.7/site-packages/google/cloud/bigquery_storage_v1/__init__.py", line 25, in <module>
    from google.cloud.bigquery_storage_v1 import client
  File "/home/airflow/.local/lib/python3.7/site-packages/google/cloud/bigquery_storage_v1/client.py", line 26, in <module>
    from google.cloud.bigquery_storage_v1 import reader
  File "/home/airflow/.local/lib/python3.7/site-packages/google/cloud/bigquery_storage_v1/reader.py", line 28, in <module>
    import pandas
  File "/home/airflow/.local/lib/python3.7/site-packages/pandas/__init__.py", line 11, in <module>
    __import__(dependency)
  File "/home/airflow/.local/lib/python3.7/site-packages/numpy/__init__.py", line 145, in <module>
    from . import core
  File "/home/airflow/.local/lib/python3.7/site-packages/numpy/core/__init__.py", line 70, in <module>
    from . import numerictypes as nt
  File "/home/airflow/.local/lib/python3.7/site-packages/numpy/core/numerictypes.py", line 107, in <module>
    from ._type_aliases import (
  File "/home/airflow/.local/lib/python3.7/site-packages/numpy/core/_type_aliases.py", line 23, in <module>
    from numpy.core._dtype import _kind_name
  File "/home/airflow/.local/lib/python3.7/site-packages/airflow/utils/timeout.py", line 37, in handle_timeout
    raise AirflowTaskTimeout(self.error_message)
airflow.exceptions.AirflowTaskTimeout: DagBag import timeout for /opt/airflow/dags/data_ingestion_gcs_dag.py after 30.0s.
Please take a look at these docs to improve your DAG import time:
* https://airflow.apache.org/docs/apache-airflow/2.2.3/best-practices.html#top-level-python-code
* https://airflow.apache.org/docs/apache-airflow/2.2.3/best-practices.html#reducing-dag-complexity, PID: 215
[2022-03-24 22:50:41,814] {processor.py:656} WARNING - No viable dags retrieved from /opt/airflow/dags/data_ingestion_gcs_dag.py
[2022-03-24 22:50:42,233] {processor.py:171} INFO - Processing /opt/airflow/dags/data_ingestion_gcs_dag.py took 31.769 seconds
[2022-03-24 22:51:13,257] {processor.py:163} INFO - Started process (PID=243) to work on /opt/airflow/dags/data_ingestion_gcs_dag.py
[2022-03-24 22:51:13,500] {processor.py:642} INFO - Processing file /opt/airflow/dags/data_ingestion_gcs_dag.py for tasks to queue
[2022-03-24 22:51:13,500] {logging_mixin.py:109} INFO - [2022-03-24 22:51:13,500] {dagbag.py:500} INFO - Filling up the DagBag from /opt/airflow/dags/data_ingestion_gcs_dag.py
[2022-03-24 22:51:43,607] {logging_mixin.py:109} INFO - [2022-03-24 22:51:43,607] {timeout.py:36} ERROR - Process timed out, PID: 243
[2022-03-24 22:51:43,607] {logging_mixin.py:109} WARNING - Traceback (most recent call last):
[2022-03-24 22:51:43,608] {logging_mixin.py:109} WARNING -   File "<frozen importlib._bootstrap>", line 194, in _lock_unlock_module
[2022-03-24 22:51:43,608] {logging_mixin.py:109} WARNING -   File "/home/airflow/.local/lib/python3.7/site-packages/airflow/utils/timeout.py", line 37, in handle_timeout
[2022-03-24 22:51:43,608] {logging_mixin.py:109} WARNING -     raise AirflowTaskTimeout(self.error_message)
[2022-03-24 22:51:43,608] {logging_mixin.py:109} WARNING - airflow.exceptions.AirflowTaskTimeout: DagBag import timeout for /opt/airflow/dags/data_ingestion_gcs_dag.py after 30.0s.
Please take a look at these docs to improve your DAG import time:
* https://airflow.apache.org/docs/apache-airflow/2.2.3/best-practices.html#top-level-python-code
* https://airflow.apache.org/docs/apache-airflow/2.2.3/best-practices.html#reducing-dag-complexity, PID: 243
[2022-03-24 22:52:10,944] {processor.py:163} INFO - Started process (PID=273) to work on /opt/airflow/dags/data_ingestion_gcs_dag.py
[2022-03-24 22:52:10,945] {processor.py:642} INFO - Processing file /opt/airflow/dags/data_ingestion_gcs_dag.py for tasks to queue
[2022-03-24 22:52:11,110] {logging_mixin.py:109} INFO - [2022-03-24 22:52:11,110] {dagbag.py:500} INFO - Filling up the DagBag from /opt/airflow/dags/data_ingestion_gcs_dag.py
[2022-03-24 22:52:41,397] {logging_mixin.py:109} INFO - [2022-03-24 22:52:41,397] {timeout.py:36} ERROR - Process timed out, PID: 273
[2022-03-24 22:52:41,815] {logging_mixin.py:109} INFO - [2022-03-24 22:52:41,397] {dagbag.py:334} ERROR - Failed to import: /opt/airflow/dags/data_ingestion_gcs_dag.py
Traceback (most recent call last):
  File "/home/airflow/.local/lib/python3.7/site-packages/airflow/models/dagbag.py", line 331, in _load_modules_from_file
    loader.exec_module(new_module)
  File "<frozen importlib._bootstrap_external>", line 728, in exec_module
  File "<frozen importlib._bootstrap>", line 219, in _call_with_frames_removed
  File "/opt/airflow/dags/data_ingestion_gcs_dag.py", line 10, in <module>
    from airflow.providers.google.cloud.operators.bigquery import BigQueryCreateExternalTableOperator
  File "/home/airflow/.local/lib/python3.7/site-packages/airflow/providers/google/cloud/operators/bigquery.py", line 38, in <module>
    from airflow.providers.google.cloud.hooks.bigquery import BigQueryHook, BigQueryJob
  File "/home/airflow/.local/lib/python3.7/site-packages/airflow/providers/google/cloud/hooks/bigquery.py", line 33, in <module>
    from google.cloud.bigquery import (
  File "/home/airflow/.local/lib/python3.7/site-packages/google/cloud/bigquery/__init__.py", line 35, in <module>
    from google.cloud.bigquery.client import Client
  File "/home/airflow/.local/lib/python3.7/site-packages/google/cloud/bigquery/client.py", line 61, in <module>
    from google.cloud.bigquery_storage_v1.services.big_query_read.client import (
  File "/home/airflow/.local/lib/python3.7/site-packages/google/cloud/bigquery_storage_v1/__init__.py", line 25, in <module>
    from google.cloud.bigquery_storage_v1 import client
  File "/home/airflow/.local/lib/python3.7/site-packages/google/cloud/bigquery_storage_v1/client.py", line 26, in <module>
    from google.cloud.bigquery_storage_v1 import reader
  File "/home/airflow/.local/lib/python3.7/site-packages/google/cloud/bigquery_storage_v1/reader.py", line 28, in <module>
    import pandas
  File "/home/airflow/.local/lib/python3.7/site-packages/pandas/__init__.py", line 22, in <module>
    from pandas.compat import (
  File "/home/airflow/.local/lib/python3.7/site-packages/pandas/compat/__init__.py", line 23, in <module>
    from pandas.compat.pyarrow import (
  File "/home/airflow/.local/lib/python3.7/site-packages/pandas/compat/pyarrow.py", line 6, in <module>
    import pyarrow as pa
  File "/home/airflow/.local/lib/python3.7/site-packages/pyarrow/__init__.py", line 63, in <module>
    import pyarrow.lib as _lib
  File "<frozen importlib._bootstrap>", line 416, in parent
  File "/home/airflow/.local/lib/python3.7/site-packages/airflow/dag_processing/manager.py", line 496, in _exit_gracefully
    self.log.debug("Current Stacktrace is: %s", '\n'.join(map(str, inspect.stack())))
  File "/usr/local/lib/python3.7/inspect.py", line 1513, in stack
    return getouterframes(sys._getframe(1), context)
  File "/usr/local/lib/python3.7/inspect.py", line 1490, in getouterframes
    frameinfo = (frame,) + getframeinfo(frame, context)
  File "/usr/local/lib/python3.7/inspect.py", line 1464, in getframeinfo
    lines, lnum = findsource(frame)
  File "/usr/local/lib/python3.7/inspect.py", line 780, in findsource
    module = getmodule(object, file)
  File "/usr/local/lib/python3.7/inspect.py", line 742, in getmodule
    os.path.realpath(f)] = module.__name__
  File "/usr/local/lib/python3.7/posixpath.py", line 395, in realpath
    path, ok = _joinrealpath(filename[:0], filename, {})
  File "/usr/local/lib/python3.7/posixpath.py", line 429, in _joinrealpath
    if not islink(newpath):
  File "/usr/local/lib/python3.7/posixpath.py", line 171, in islink
    st = os.lstat(path)
  File "/home/airflow/.local/lib/python3.7/site-packages/airflow/utils/timeout.py", line 37, in handle_timeout
    raise AirflowTaskTimeout(self.error_message)
airflow.exceptions.AirflowTaskTimeout: DagBag import timeout for /opt/airflow/dags/data_ingestion_gcs_dag.py after 30.0s.
Please take a look at these docs to improve your DAG import time:
* https://airflow.apache.org/docs/apache-airflow/2.2.3/best-practices.html#top-level-python-code
* https://airflow.apache.org/docs/apache-airflow/2.2.3/best-practices.html#reducing-dag-complexity, PID: 273
[2022-03-24 22:52:42,667] {processor.py:656} WARNING - No viable dags retrieved from /opt/airflow/dags/data_ingestion_gcs_dag.py
[2022-03-24 22:57:46,070] {processor.py:163} INFO - Started process (PID=46) to work on /opt/airflow/dags/data_ingestion_gcs_dag.py
[2022-03-24 22:57:46,142] {processor.py:642} INFO - Processing file /opt/airflow/dags/data_ingestion_gcs_dag.py for tasks to queue
[2022-03-24 22:57:46,143] {logging_mixin.py:109} INFO - [2022-03-24 22:57:46,143] {dagbag.py:500} INFO - Filling up the DagBag from /opt/airflow/dags/data_ingestion_gcs_dag.py
[2022-03-24 22:58:03,761] {processor.py:654} INFO - DAG(s) dict_keys(['data_ingestion_gcs_dag']) retrieved from /opt/airflow/dags/data_ingestion_gcs_dag.py
[2022-03-24 22:58:17,894] {logging_mixin.py:109} INFO - [2022-03-24 22:58:17,894] {manager.py:496} INFO - Created Permission View: can read on DAG:data_ingestion_gcs_dag
[2022-03-24 22:58:17,911] {logging_mixin.py:109} INFO - [2022-03-24 22:58:17,911] {manager.py:496} INFO - Created Permission View: can edit on DAG:data_ingestion_gcs_dag
[2022-03-24 22:58:17,911] {logging_mixin.py:109} INFO - [2022-03-24 22:58:17,911] {dag.py:2396} INFO - Sync 1 DAGs
[2022-03-24 22:58:17,939] {logging_mixin.py:109} INFO - [2022-03-24 22:58:17,939] {dag.py:2415} INFO - Creating ORM DAG for data_ingestion_gcs_dag
[2022-03-24 22:58:18,006] {logging_mixin.py:109} INFO - [2022-03-24 22:58:18,006] {dag.py:2935} INFO - Setting next_dagrun for data_ingestion_gcs_dag to 2022-03-23 00:00:00+00:00
[2022-03-24 22:58:18,027] {processor.py:171} INFO - Processing /opt/airflow/dags/data_ingestion_gcs_dag.py took 31.959 seconds
[2022-03-24 22:58:48,143] {processor.py:163} INFO - Started process (PID=98) to work on /opt/airflow/dags/data_ingestion_gcs_dag.py
[2022-03-24 22:58:48,144] {processor.py:642} INFO - Processing file /opt/airflow/dags/data_ingestion_gcs_dag.py for tasks to queue
[2022-03-24 22:58:48,144] {logging_mixin.py:109} INFO - [2022-03-24 22:58:48,144] {dagbag.py:500} INFO - Filling up the DagBag from /opt/airflow/dags/data_ingestion_gcs_dag.py
[2022-03-24 22:58:48,736] {processor.py:654} INFO - DAG(s) dict_keys(['data_ingestion_gcs_dag']) retrieved from /opt/airflow/dags/data_ingestion_gcs_dag.py
[2022-03-24 22:58:48,745] {logging_mixin.py:109} INFO - [2022-03-24 22:58:48,745] {dag.py:2396} INFO - Sync 1 DAGs
[2022-03-24 22:58:48,760] {logging_mixin.py:109} INFO - [2022-03-24 22:58:48,760] {dag.py:2935} INFO - Setting next_dagrun for data_ingestion_gcs_dag to 2022-03-23 00:00:00+00:00
[2022-03-24 22:58:48,775] {processor.py:171} INFO - Processing /opt/airflow/dags/data_ingestion_gcs_dag.py took 0.635 seconds
[2022-03-24 22:59:18,850] {processor.py:163} INFO - Started process (PID=123) to work on /opt/airflow/dags/data_ingestion_gcs_dag.py
[2022-03-24 22:59:18,864] {processor.py:642} INFO - Processing file /opt/airflow/dags/data_ingestion_gcs_dag.py for tasks to queue
[2022-03-24 22:59:18,865] {logging_mixin.py:109} INFO - [2022-03-24 22:59:18,865] {dagbag.py:500} INFO - Filling up the DagBag from /opt/airflow/dags/data_ingestion_gcs_dag.py
[2022-03-24 22:59:19,516] {processor.py:654} INFO - DAG(s) dict_keys(['data_ingestion_gcs_dag']) retrieved from /opt/airflow/dags/data_ingestion_gcs_dag.py
[2022-03-24 22:59:19,523] {logging_mixin.py:109} INFO - [2022-03-24 22:59:19,522] {dag.py:2396} INFO - Sync 1 DAGs
[2022-03-24 22:59:19,537] {logging_mixin.py:109} INFO - [2022-03-24 22:59:19,536] {dag.py:2935} INFO - Setting next_dagrun for data_ingestion_gcs_dag to 2022-03-23 00:00:00+00:00
[2022-03-24 22:59:19,545] {processor.py:171} INFO - Processing /opt/airflow/dags/data_ingestion_gcs_dag.py took 0.697 seconds
[2022-03-24 23:00:29,857] {processor.py:163} INFO - Started process (PID=40) to work on /opt/airflow/dags/data_ingestion_gcs_dag.py
[2022-03-24 23:00:29,867] {processor.py:642} INFO - Processing file /opt/airflow/dags/data_ingestion_gcs_dag.py for tasks to queue
[2022-03-24 23:00:29,868] {logging_mixin.py:109} INFO - [2022-03-24 23:00:29,868] {dagbag.py:500} INFO - Filling up the DagBag from /opt/airflow/dags/data_ingestion_gcs_dag.py
[2022-03-24 23:00:32,063] {processor.py:654} INFO - DAG(s) dict_keys(['data_ingestion_gcs_dag']) retrieved from /opt/airflow/dags/data_ingestion_gcs_dag.py
[2022-03-24 23:00:32,071] {logging_mixin.py:109} INFO - [2022-03-24 23:00:32,071] {dag.py:2396} INFO - Sync 1 DAGs
[2022-03-24 23:00:32,091] {logging_mixin.py:109} INFO - [2022-03-24 23:00:32,091] {dag.py:2935} INFO - Setting next_dagrun for data_ingestion_gcs_dag to 2022-03-23 00:00:00+00:00
[2022-03-24 23:00:32,101] {processor.py:171} INFO - Processing /opt/airflow/dags/data_ingestion_gcs_dag.py took 2.247 seconds
[2022-03-24 23:01:02,175] {processor.py:163} INFO - Started process (PID=72) to work on /opt/airflow/dags/data_ingestion_gcs_dag.py
[2022-03-24 23:01:02,176] {processor.py:642} INFO - Processing file /opt/airflow/dags/data_ingestion_gcs_dag.py for tasks to queue
[2022-03-24 23:01:02,177] {logging_mixin.py:109} INFO - [2022-03-24 23:01:02,177] {dagbag.py:500} INFO - Filling up the DagBag from /opt/airflow/dags/data_ingestion_gcs_dag.py
[2022-03-24 23:01:03,171] {processor.py:654} INFO - DAG(s) dict_keys(['data_ingestion_gcs_dag']) retrieved from /opt/airflow/dags/data_ingestion_gcs_dag.py
[2022-03-24 23:01:03,186] {logging_mixin.py:109} INFO - [2022-03-24 23:01:03,186] {dag.py:2396} INFO - Sync 1 DAGs
[2022-03-24 23:01:03,209] {logging_mixin.py:109} INFO - [2022-03-24 23:01:03,209] {dag.py:2935} INFO - Setting next_dagrun for data_ingestion_gcs_dag to 2022-03-23 00:00:00+00:00
[2022-03-24 23:01:03,225] {processor.py:171} INFO - Processing /opt/airflow/dags/data_ingestion_gcs_dag.py took 1.054 seconds
[2022-03-24 23:01:33,280] {processor.py:163} INFO - Started process (PID=97) to work on /opt/airflow/dags/data_ingestion_gcs_dag.py
[2022-03-24 23:01:33,290] {processor.py:642} INFO - Processing file /opt/airflow/dags/data_ingestion_gcs_dag.py for tasks to queue
[2022-03-24 23:01:33,290] {logging_mixin.py:109} INFO - [2022-03-24 23:01:33,290] {dagbag.py:500} INFO - Filling up the DagBag from /opt/airflow/dags/data_ingestion_gcs_dag.py
[2022-03-24 23:01:34,203] {processor.py:654} INFO - DAG(s) dict_keys(['data_ingestion_gcs_dag']) retrieved from /opt/airflow/dags/data_ingestion_gcs_dag.py
[2022-03-24 23:01:34,209] {logging_mixin.py:109} INFO - [2022-03-24 23:01:34,209] {dag.py:2396} INFO - Sync 1 DAGs
[2022-03-24 23:01:34,222] {logging_mixin.py:109} INFO - [2022-03-24 23:01:34,222] {dag.py:2935} INFO - Setting next_dagrun for data_ingestion_gcs_dag to 2022-03-23 00:00:00+00:00
[2022-03-24 23:01:34,231] {processor.py:171} INFO - Processing /opt/airflow/dags/data_ingestion_gcs_dag.py took 0.953 seconds
[2022-03-24 23:02:04,349] {processor.py:163} INFO - Started process (PID=130) to work on /opt/airflow/dags/data_ingestion_gcs_dag.py
[2022-03-24 23:02:04,351] {processor.py:642} INFO - Processing file /opt/airflow/dags/data_ingestion_gcs_dag.py for tasks to queue
[2022-03-24 23:02:04,352] {logging_mixin.py:109} INFO - [2022-03-24 23:02:04,352] {dagbag.py:500} INFO - Filling up the DagBag from /opt/airflow/dags/data_ingestion_gcs_dag.py
[2022-03-24 23:02:04,953] {processor.py:654} INFO - DAG(s) dict_keys(['data_ingestion_gcs_dag']) retrieved from /opt/airflow/dags/data_ingestion_gcs_dag.py
[2022-03-24 23:02:04,960] {logging_mixin.py:109} INFO - [2022-03-24 23:02:04,960] {dag.py:2396} INFO - Sync 1 DAGs
[2022-03-24 23:02:04,972] {logging_mixin.py:109} INFO - [2022-03-24 23:02:04,972] {dag.py:2935} INFO - Setting next_dagrun for data_ingestion_gcs_dag to 2022-03-23 00:00:00+00:00
[2022-03-24 23:02:04,980] {processor.py:171} INFO - Processing /opt/airflow/dags/data_ingestion_gcs_dag.py took 0.635 seconds
[2022-03-24 23:02:35,098] {processor.py:163} INFO - Started process (PID=152) to work on /opt/airflow/dags/data_ingestion_gcs_dag.py
[2022-03-24 23:02:35,161] {processor.py:642} INFO - Processing file /opt/airflow/dags/data_ingestion_gcs_dag.py for tasks to queue
[2022-03-24 23:02:35,162] {logging_mixin.py:109} INFO - [2022-03-24 23:02:35,162] {dagbag.py:500} INFO - Filling up the DagBag from /opt/airflow/dags/data_ingestion_gcs_dag.py
[2022-03-24 23:02:35,938] {processor.py:654} INFO - DAG(s) dict_keys(['data_ingestion_gcs_dag']) retrieved from /opt/airflow/dags/data_ingestion_gcs_dag.py
[2022-03-24 23:02:35,950] {logging_mixin.py:109} INFO - [2022-03-24 23:02:35,949] {dag.py:2396} INFO - Sync 1 DAGs
[2022-03-24 23:02:35,968] {logging_mixin.py:109} INFO - [2022-03-24 23:02:35,968] {dag.py:2935} INFO - Setting next_dagrun for data_ingestion_gcs_dag to 2022-03-23 00:00:00+00:00
[2022-03-24 23:02:35,980] {processor.py:171} INFO - Processing /opt/airflow/dags/data_ingestion_gcs_dag.py took 0.885 seconds
